<?xml version="1.0" encoding="UTF-8"?>
<!-- Generated by org.testng.reporters.JUnitReportReporter -->
<testsuite hostname="LAPTOP-CJE6AUSA" failures="0" tests="1" name="runner.Runner" time="7.490" errors="0" timestamp="2023-11-25T13:57:37 NZDT" skipped="0">
  <testcase classname="runner.Runner" name="runScenario" time="7.490"/>
  <system-out/>
</testsuite> <!-- runner.Runner -->
